{"C:\\Users\\bhusingl\\ReactNativeProjects\\BreweriesCaseStudy\\__mock__\\file_mock.js": {"path":"C:\\Users\\bhusingl\\ReactNativeProjects\\BreweriesCaseStudy\\__mock__\\file_mock.js","statementMap":{},"fnMap":{},"branchMap":{},"s":{},"f":{},"b":{},"_coverageSchema":"1a1c01bbd47fc00a2c39e90264f33305004495a9","hash":"54d9ad0f2e8796eddb675f0ea46acda3a99062f2"}
,"C:\\Users\\bhusingl\\ReactNativeProjects\\BreweriesCaseStudy\\src\\components\\DetailView.js": {"path":"C:\\Users\\bhusingl\\ReactNativeProjects\\BreweriesCaseStudy\\src\\components\\DetailView.js","statementMap":{"0":{"start":{"line":5,"column":19},"end":{"line":15,"column":1}},"1":{"start":{"line":6,"column":2},"end":{"line":14,"column":4}}},"fnMap":{"0":{"name":"(anonymous_0)","decl":{"start":{"line":5,"column":19},"end":{"line":5,"column":20}},"loc":{"start":{"line":5,"column":28},"end":{"line":15,"column":1}},"line":5}},"branchMap":{},"s":{"0":1,"1":8},"f":{"0":8},"b":{},"_coverageSchema":"1a1c01bbd47fc00a2c39e90264f33305004495a9","hash":"52c2babdacb018b05f6dcbe54b04a9f446409d26"}
,"C:\\Users\\bhusingl\\ReactNativeProjects\\BreweriesCaseStudy\\src\\components\\ListItemView.js": {"path":"C:\\Users\\bhusingl\\ReactNativeProjects\\BreweriesCaseStudy\\src\\components\\ListItemView.js","statementMap":{"0":{"start":{"line":6,"column":21},"end":{"line":13,"column":1}},"1":{"start":{"line":7,"column":2},"end":{"line":12,"column":4}}},"fnMap":{"0":{"name":"(anonymous_0)","decl":{"start":{"line":6,"column":21},"end":{"line":6,"column":22}},"loc":{"start":{"line":6,"column":30},"end":{"line":13,"column":1}},"line":6}},"branchMap":{},"s":{"0":1,"1":24},"f":{"0":24},"b":{},"_coverageSchema":"1a1c01bbd47fc00a2c39e90264f33305004495a9","hash":"bd1402f574964754b054d31ba98f0f74b9b7426b"}
,"C:\\Users\\bhusingl\\ReactNativeProjects\\BreweriesCaseStudy\\src\\screens\\BreweriesList.js": {"path":"C:\\Users\\bhusingl\\ReactNativeProjects\\BreweriesCaseStudy\\src\\screens\\BreweriesList.js","statementMap":{"0":{"start":{"line":20,"column":22},"end":{"line":121,"column":1}},"1":{"start":{"line":21,"column":30},"end":{"line":21,"column":42}},"2":{"start":{"line":22,"column":42},"end":{"line":22,"column":54}},"3":{"start":{"line":23,"column":38},"end":{"line":23,"column":50}},"4":{"start":{"line":24,"column":42},"end":{"line":24,"column":57}},"5":{"start":{"line":26,"column":2},"end":{"line":29,"column":9}},"6":{"start":{"line":27,"column":4},"end":{"line":27,"column":26}},"7":{"start":{"line":28,"column":4},"end":{"line":28,"column":23}},"8":{"start":{"line":32,"column":4},"end":{"line":32,"column":74}},"9":{"start":{"line":34,"column":27},"end":{"line":46,"column":3}},"10":{"start":{"line":35,"column":4},"end":{"line":45,"column":9}},"11":{"start":{"line":36,"column":24},"end":{"line":36,"column":39}},"12":{"start":{"line":38,"column":8},"end":{"line":38,"column":38}},"13":{"start":{"line":39,"column":8},"end":{"line":39,"column":36}},"14":{"start":{"line":40,"column":8},"end":{"line":40,"column":31}},"15":{"start":{"line":43,"column":8},"end":{"line":43,"column":31}},"16":{"start":{"line":44,"column":8},"end":{"line":44,"column":29}},"17":{"start":{"line":48,"column":23},"end":{"line":61,"column":3}},"18":{"start":{"line":49,"column":4},"end":{"line":60,"column":5}},"19":{"start":{"line":50,"column":26},"end":{"line":54,"column":8}},"20":{"start":{"line":51,"column":25},"end":{"line":51,"column":79}},"21":{"start":{"line":52,"column":25},"end":{"line":52,"column":43}},"22":{"start":{"line":53,"column":8},"end":{"line":53,"column":47}},"23":{"start":{"line":55,"column":6},"end":{"line":55,"column":35}},"24":{"start":{"line":56,"column":6},"end":{"line":56,"column":22}},"25":{"start":{"line":58,"column":6},"end":{"line":58,"column":34}},"26":{"start":{"line":59,"column":6},"end":{"line":59,"column":22}},"27":{"start":{"line":63,"column":19},"end":{"line":87,"column":3}},"28":{"start":{"line":64,"column":4},"end":{"line":86,"column":6}},"29":{"start":{"line":68,"column":23},"end":{"line":68,"column":72}},"30":{"start":{"line":89,"column":2},"end":{"line":120,"column":4}},"31":{"start":{"line":98,"column":34},"end":{"line":98,"column":52}},"32":{"start":{"line":107,"column":41},"end":{"line":107,"column":57}}},"fnMap":{"0":{"name":"(anonymous_0)","decl":{"start":{"line":20,"column":22},"end":{"line":20,"column":23}},"loc":{"start":{"line":20,"column":31},"end":{"line":121,"column":1}},"line":20},"1":{"name":"(anonymous_1)","decl":{"start":{"line":26,"column":12},"end":{"line":26,"column":13}},"loc":{"start":{"line":26,"column":18},"end":{"line":29,"column":3}},"line":26},"2":{"name":"(anonymous_2)","decl":{"start":{"line":34,"column":27},"end":{"line":34,"column":28}},"loc":{"start":{"line":34,"column":33},"end":{"line":46,"column":3}},"line":34},"3":{"name":"(anonymous_3)","decl":{"start":{"line":36,"column":12},"end":{"line":36,"column":13}},"loc":{"start":{"line":36,"column":24},"end":{"line":36,"column":39}},"line":36},"4":{"name":"(anonymous_4)","decl":{"start":{"line":37,"column":12},"end":{"line":37,"column":13}},"loc":{"start":{"line":37,"column":28},"end":{"line":41,"column":7}},"line":37},"5":{"name":"(anonymous_5)","decl":{"start":{"line":42,"column":13},"end":{"line":42,"column":14}},"loc":{"start":{"line":42,"column":22},"end":{"line":45,"column":7}},"line":42},"6":{"name":"(anonymous_6)","decl":{"start":{"line":48,"column":23},"end":{"line":48,"column":24}},"loc":{"start":{"line":48,"column":31},"end":{"line":61,"column":3}},"line":48},"7":{"name":"(anonymous_7)","decl":{"start":{"line":50,"column":44},"end":{"line":50,"column":45}},"loc":{"start":{"line":50,"column":60},"end":{"line":54,"column":7}},"line":50},"8":{"name":"(anonymous_8)","decl":{"start":{"line":63,"column":19},"end":{"line":63,"column":20}},"loc":{"start":{"line":63,"column":31},"end":{"line":87,"column":3}},"line":63},"9":{"name":"(anonymous_9)","decl":{"start":{"line":68,"column":17},"end":{"line":68,"column":18}},"loc":{"start":{"line":68,"column":23},"end":{"line":68,"column":72}},"line":68},"10":{"name":"(anonymous_10)","decl":{"start":{"line":98,"column":26},"end":{"line":98,"column":27}},"loc":{"start":{"line":98,"column":34},"end":{"line":98,"column":52}},"line":98},"11":{"name":"(anonymous_11)","decl":{"start":{"line":107,"column":24},"end":{"line":107,"column":25}},"loc":{"start":{"line":107,"column":41},"end":{"line":107,"column":57}},"line":107}},"branchMap":{"0":{"loc":{"start":{"line":49,"column":4},"end":{"line":60,"column":5}},"type":"if","locations":[{"start":{"line":49,"column":4},"end":{"line":60,"column":5}},{"start":{"line":57,"column":11},"end":{"line":60,"column":5}}],"line":49},"1":{"loc":{"start":{"line":51,"column":25},"end":{"line":51,"column":79}},"type":"cond-expr","locations":[{"start":{"line":51,"column":37},"end":{"line":51,"column":60}},{"start":{"line":51,"column":63},"end":{"line":51,"column":79}}],"line":51}},"s":{"0":1,"1":12,"2":11,"3":11,"4":11,"5":11,"6":2,"7":2,"8":11,"9":11,"10":2,"11":2,"12":2,"13":2,"14":2,"15":0,"16":0,"17":11,"18":1,"19":1,"20":0,"21":0,"22":0,"23":1,"24":1,"25":0,"26":0,"27":11,"28":12,"29":0,"30":11,"31":1,"32":30},"f":{"0":12,"1":2,"2":2,"3":2,"4":2,"5":0,"6":1,"7":0,"8":12,"9":0,"10":1,"11":30},"b":{"0":[1,0],"1":[0,0]},"_coverageSchema":"1a1c01bbd47fc00a2c39e90264f33305004495a9","hash":"47f9065616b03d3d0bcae633c91e5beddbd1d061"}
,"C:\\Users\\bhusingl\\ReactNativeProjects\\BreweriesCaseStudy\\src\\screens\\BreweryDetails.js": {"path":"C:\\Users\\bhusingl\\ReactNativeProjects\\BreweriesCaseStudy\\src\\screens\\BreweryDetails.js","statementMap":{"0":{"start":{"line":16,"column":23},"end":{"line":68,"column":1}},"1":{"start":{"line":17,"column":32},"end":{"line":17,"column":44}},"2":{"start":{"line":18,"column":2},"end":{"line":20,"column":9}},"3":{"start":{"line":19,"column":4},"end":{"line":19,"column":14}},"4":{"start":{"line":22,"column":18},"end":{"line":24,"column":3}},"5":{"start":{"line":23,"column":4},"end":{"line":23,"column":35}},"6":{"start":{"line":26,"column":28},"end":{"line":28,"column":3}},"7":{"start":{"line":27,"column":4},"end":{"line":27,"column":73}},"8":{"start":{"line":30,"column":2},"end":{"line":67,"column":4}}},"fnMap":{"0":{"name":"(anonymous_0)","decl":{"start":{"line":16,"column":23},"end":{"line":16,"column":24}},"loc":{"start":{"line":16,"column":32},"end":{"line":68,"column":1}},"line":16},"1":{"name":"(anonymous_1)","decl":{"start":{"line":18,"column":12},"end":{"line":18,"column":13}},"loc":{"start":{"line":18,"column":18},"end":{"line":20,"column":3}},"line":18},"2":{"name":"(anonymous_2)","decl":{"start":{"line":22,"column":18},"end":{"line":22,"column":19}},"loc":{"start":{"line":22,"column":24},"end":{"line":24,"column":3}},"line":22},"3":{"name":"(anonymous_3)","decl":{"start":{"line":26,"column":28},"end":{"line":26,"column":29}},"loc":{"start":{"line":26,"column":34},"end":{"line":28,"column":3}},"line":26}},"branchMap":{},"s":{"0":1,"1":2,"2":2,"3":1,"4":2,"5":1,"6":2,"7":2,"8":2},"f":{"0":2,"1":1,"2":1,"3":2},"b":{},"_coverageSchema":"1a1c01bbd47fc00a2c39e90264f33305004495a9","hash":"d9a4ae24139879ac5cfed0e2e37b55abec920ac4"}
,"C:\\Users\\bhusingl\\ReactNativeProjects\\BreweriesCaseStudy\\src\\styles\\appStyles.js": {"path":"C:\\Users\\bhusingl\\ReactNativeProjects\\BreweriesCaseStudy\\src\\styles\\appStyles.js","statementMap":{"0":{"start":{"line":3,"column":15},"end":{"line":89,"column":2}}},"fnMap":{},"branchMap":{},"s":{"0":1},"f":{},"b":{},"_coverageSchema":"1a1c01bbd47fc00a2c39e90264f33305004495a9","hash":"5429f32f06bd26cc20c82eed842eaec3002eec46"}
}
