TN:
SF:__mock__\file_mock.js
FNF:0
FNH:0
LF:0
LH:0
BRF:0
BRH:0
end_of_record
TN:
SF:src\components\DetailView.js
FN:5,(anonymous_0)
FNF:1
FNH:1
FNDA:8,(anonymous_0)
DA:5,1
DA:6,8
LF:2
LH:2
BRF:0
BRH:0
end_of_record
TN:
SF:src\components\ListItemView.js
FN:6,(anonymous_0)
FNF:1
FNH:1
FNDA:24,(anonymous_0)
DA:6,1
DA:7,24
LF:2
LH:2
BRF:0
BRH:0
end_of_record
TN:
SF:src\screens\BreweriesList.js
FN:20,(anonymous_0)
FN:26,(anonymous_1)
FN:34,(anonymous_2)
FN:36,(anonymous_3)
FN:37,(anonymous_4)
FN:42,(anonymous_5)
FN:48,(anonymous_6)
FN:50,(anonymous_7)
FN:63,(anonymous_8)
FN:68,(anonymous_9)
FN:98,(anonymous_10)
FN:107,(anonymous_11)
FNF:12
FNH:9
FNDA:12,(anonymous_0)
FNDA:2,(anonymous_1)
FNDA:2,(anonymous_2)
FNDA:2,(anonymous_3)
FNDA:2,(anonymous_4)
FNDA:0,(anonymous_5)
FNDA:1,(anonymous_6)
FNDA:0,(anonymous_7)
FNDA:12,(anonymous_8)
FNDA:0,(anonymous_9)
FNDA:1,(anonymous_10)
FNDA:30,(anonymous_11)
DA:20,1
DA:21,12
DA:22,11
DA:23,11
DA:24,11
DA:26,11
DA:27,2
DA:28,2
DA:32,11
DA:34,11
DA:35,2
DA:36,2
DA:38,2
DA:39,2
DA:40,2
DA:43,0
DA:44,0
DA:48,11
DA:49,1
DA:50,1
DA:51,0
DA:52,0
DA:53,0
DA:55,1
DA:56,1
DA:58,0
DA:59,0
DA:63,11
DA:64,12
DA:68,0
DA:89,11
DA:98,1
DA:107,30
LF:33
LH:25
BRDA:49,0,0,1
BRDA:49,0,1,0
BRDA:51,1,0,0
BRDA:51,1,1,0
BRF:4
BRH:1
end_of_record
TN:
SF:src\screens\BreweryDetails.js
FN:16,(anonymous_0)
FN:18,(anonymous_1)
FN:22,(anonymous_2)
FN:26,(anonymous_3)
FNF:4
FNH:4
FNDA:2,(anonymous_0)
FNDA:1,(anonymous_1)
FNDA:1,(anonymous_2)
FNDA:2,(anonymous_3)
DA:16,1
DA:17,2
DA:18,2
DA:19,1
DA:22,2
DA:23,1
DA:26,2
DA:27,2
DA:30,2
LF:9
LH:9
BRF:0
BRH:0
end_of_record
TN:
SF:src\styles\appStyles.js
FNF:0
FNH:0
DA:3,1
LF:1
LH:1
BRF:0
BRH:0
end_of_record
